# JRE version: OpenJDK Runtime Environment (11.0.10) (build 11.0.10+0-b96-7249189)
# Java VM: OpenJDK 64-Bit Server VM (11.0.10+0-b96-7249189, mixed mode, tiered, compressed oops, g1 gc, windows-amd64)
Heap:
 garbage-first heap   total 275456K, used 188358K [0x0000000080000000, 0x0000000100000000)
  region size 1024K, 54 young (55296K), 5 survivors (5120K)
 Metaspace       used 117299K, capacity 120261K, committed 120396K, reserved 1155072K
  class space    used 14561K, capacity 15659K, committed 15744K, reserved 1048576K
GC Heap History (20 events):
Event: 64.160 GC heap before
{Heap before GC invocations=43 (full 0):
 garbage-first heap   total 275456K, used 233955K [0x0000000080000000, 0x0000000100000000)
  region size 1024K, 98 young (100352K), 2 survivors (2048K)
 Metaspace       used 117040K, capacity 120017K, committed 120140K, reserved 1153024K
  class space    used 14556K, capacity 15653K, committed 15744K, reserved 1048576K
}
Event: 64.164 GC heap after
{Heap after GC invocations=44 (full 0):
 garbage-first heap   total 275456K, used 136712K [0x0000000080000000, 0x0000000100000000)
  region size 1024K, 3 young (3072K), 3 survivors (3072K)
 Metaspace       used 117040K, capacity 120017K, committed 120140K, reserved 1153024K
  class space    used 14556K, capacity 15653K, committed 15744K, reserved 1048576K
}
Event: 64.222 GC heap before
{Heap before GC invocations=44 (full 0):
 garbage-first heap   total 275456K, used 146952K [0x0000000080000000, 0x0000000100000000)
  region size 1024K, 13 young (13312K), 3 survivors (3072K)
 Metaspace       used 117041K, capacity 120017K, committed 120140K, reserved 1153024K
  class space    used 14556K, capacity 15653K, committed 15744K, reserved 1048576K
}
Event: 64.226 GC heap after
{Heap after GC invocations=45 (full 0):
 garbage-first heap   total 275456K, used 134700K [0x0000000080000000, 0x0000000100000000)
  region size 1024K, 1 young (1024K), 1 survivors (1024K)
 Metaspace       used 117041K, capacity 120017K, committed 120140K, reserved 1153024K
  class space    used 14556K, capacity 15653K, committed 15744K, reserved 1048576K
}
Event: 64.746 GC heap before
{Heap before GC invocations=45 (full 0):
 garbage-first heap   total 275456K, used 234028K [0x0000000080000000, 0x0000000100000000)
  region size 1024K, 98 young (100352K), 1 survivors (1024K)
 Metaspace       used 117067K, capacity 120081K, committed 120396K, reserved 1155072K
  class space    used 14558K, capacity 15653K, committed 15744K, reserved 1048576K
}
Event: 64.749 GC heap after
{Heap after GC invocations=46 (full 0):
 garbage-first heap   total 275456K, used 135356K [0x0000000080000000, 0x0000000100000000)
  region size 1024K, 1 young (1024K), 1 survivors (1024K)
 Metaspace       used 117067K, capacity 120081K, committed 120396K, reserved 1155072K
  class space    used 14558K, capacity 15653K, committed 15744K, reserved 1048576K
}
Event: 65.289 GC heap before
{Heap before GC invocations=46 (full 0):
 garbage-first heap   total 275456K, used 236732K [0x0000000080000000, 0x0000000100000000)
  region size 1024K, 100 young (102400K), 1 survivors (1024K)
 Metaspace       used 117073K, capacity 120081K, committed 120396K, reserved 1155072K
  class space    used 14558K, capacity 15653K, committed 15744K, reserved 1048576K
}
Event: 65.292 GC heap after
{Heap after GC invocations=47 (full 0):
 garbage-first heap   total 275456K, used 135739K [0x0000000080000000, 0x0000000100000000)
  region size 1024K, 2 young (2048K), 2 survivors (2048K)
 Metaspace       used 117073K, capacity 120081K, committed 120396K, reserved 1155072K
  class space    used 14558K, capacity 15653K, committed 15744K, reserved 1048576K
}
Event: 65.717 GC heap before
{Heap before GC invocations=47 (full 0):
 garbage-first heap   total 275456K, used 237115K [0x0000000080000000, 0x0000000100000000)
  region size 1024K, 101 young (103424K), 2 survivors (2048K)
 Metaspace       used 117084K, capacity 120081K, committed 120396K, reserved 1155072K
  class space    used 14558K, capacity 15653K, committed 15744K, reserved 1048576K
}
Event: 65.721 GC heap after
{Heap after GC invocations=48 (full 0):
 garbage-first heap   total 275456K, used 136568K [0x0000000080000000, 0x0000000100000000)
  region size 1024K, 3 young (3072K), 3 survivors (3072K)
 Metaspace       used 117084K, capacity 120081K, committed 120396K, reserved 1155072K
  class space    used 14558K, capacity 15653K, committed 15744K, reserved 1048576K
}
Event: 66.098 GC heap before
{Heap before GC invocations=48 (full 0):
 garbage-first heap   total 275456K, used 237944K [0x0000000080000000, 0x0000000100000000)
  region size 1024K, 102 young (104448K), 3 survivors (3072K)
 Metaspace       used 117097K, capacity 120085K, committed 120396K, reserved 1155072K
  class space    used 14559K, capacity 15654K, committed 15744K, reserved 1048576K
}
Event: 66.102 GC heap after
{Heap after GC invocations=49 (full 0):
 garbage-first heap   total 275456K, used 136754K [0x0000000080000000, 0x0000000100000000)
  region size 1024K, 3 young (3072K), 3 survivors (3072K)
 Metaspace       used 117097K, capacity 120085K, committed 120396K, reserved 1155072K
  class space    used 14559K, capacity 15654K, committed 15744K, reserved 1048576K
}
Event: 66.485 GC heap before
{Heap before GC invocations=49 (full 0):
 garbage-first heap   total 275456K, used 239154K [0x0000000080000000, 0x0000000100000000)
  region size 1024K, 103 young (105472K), 3 survivors (3072K)
 Metaspace       used 117106K, capacity 120085K, committed 120396K, reserved 1155072K
  class space    used 14559K, capacity 15654K, committed 15744K, reserved 1048576K
}
Event: 66.489 GC heap after
{Heap after GC invocations=50 (full 0):
 garbage-first heap   total 275456K, used 137129K [0x0000000080000000, 0x0000000100000000)
  region size 1024K, 3 young (3072K), 3 survivors (3072K)
 Metaspace       used 117106K, capacity 120085K, committed 120396K, reserved 1155072K
  class space    used 14559K, capacity 15654K, committed 15744K, reserved 1048576K
}
Event: 66.882 GC heap before
{Heap before GC invocations=50 (full 0):
 garbage-first heap   total 275456K, used 239529K [0x0000000080000000, 0x0000000100000000)
  region size 1024K, 103 young (105472K), 3 survivors (3072K)
 Metaspace       used 117130K, capacity 120093K, committed 120396K, reserved 1155072K
  class space    used 14560K, capacity 15657K, committed 15744K, reserved 1048576K
}
Event: 66.886 GC heap after
{Heap after GC invocations=51 (full 0):
 garbage-first heap   total 275456K, used 137783K [0x0000000080000000, 0x0000000100000000)
  region size 1024K, 4 young (4096K), 4 survivors (4096K)
 Metaspace       used 117130K, capacity 120093K, committed 120396K, reserved 1155072K
  class space    used 14560K, capacity 15657K, committed 15744K, reserved 1048576K
}
Event: 67.312 GC heap before
{Heap before GC invocations=51 (full 0):
 garbage-first heap   total 275456K, used 241207K [0x0000000080000000, 0x0000000100000000)
  region size 1024K, 104 young (106496K), 4 survivors (4096K)
 Metaspace       used 117263K, capacity 120251K, committed 120396K, reserved 1155072K
  class space    used 14561K, capacity 15659K, committed 15744K, reserved 1048576K
}
Event: 67.318 GC heap after
{Heap after GC invocations=52 (full 0):
 garbage-first heap   total 275456K, used 139897K [0x0000000080000000, 0x0000000100000000)
  region size 1024K, 5 young (5120K), 5 survivors (5120K)
 Metaspace       used 117263K, capacity 120251K, committed 120396K, reserved 1155072K
  class space    used 14561K, capacity 15659K, committed 15744K, reserved 1048576K
}
Event: 67.970 GC heap before
{Heap before GC invocations=52 (full 0):
 garbage-first heap   total 275456K, used 241273K [0x0000000080000000, 0x0000000100000000)
  region size 1024K, 104 young (106496K), 5 survivors (5120K)
 Metaspace       used 117298K, capacity 120261K, committed 120396K, reserved 1155072K
  class space    used 14561K, capacity 15659K, committed 15744K, reserved 1048576K
}
Event: 67.976 GC heap after
{Heap after GC invocations=53 (full 0):
 garbage-first heap   total 275456K, used 139206K [0x0000000080000000, 0x0000000100000000)
  region size 1024K, 5 young (5120K), 5 survivors (5120K)
 Metaspace       used 117298K, capacity 120261K, committed 120396K, reserved 1155072K
  class space    used 14561K, capacity 15659K, committed 15744K, reserved 1048576K
}

